Using pre-set license
Built from '2021.3/staging' branch; Version is '2021.3.16f1 (4016570cf34f) revision 4200023'; Using compiler version '192829333'; Build Type 'Release'
OS: 'Windows 10  (10.0.19041) 64bit Professional' Language: 'ru' Physical Memory: 32680 MB
BatchMode: 1, IsHumanControllingUs: 0, StartBugReporterOnCrash: 0, Is64bit: 1, IsPro: 1

COMMAND LINE ARGUMENTS:
C:\Program Files\Unity\Hub\Editor\2021.3.16f1\Editor\Unity.exe
-adb2
-batchMode
-noUpm
-name
AssetImportWorker1
-projectPath
F:/UnityProjects/2DGame(Lesson_6)
-logFile
Logs/AssetImportWorker1.log
-srvPort
50864
Successfully changed project path to: F:/UnityProjects/2DGame(Lesson_6)
F:/UnityProjects/2DGame(Lesson_6)
[UnityMemory] Configuration Parameters - Can be set up in boot.config
    "memorysetup-bucket-allocator-granularity=16"
    "memorysetup-bucket-allocator-bucket-count=8"
    "memorysetup-bucket-allocator-block-size=33554432"
    "memorysetup-bucket-allocator-block-count=8"
    "memorysetup-main-allocator-block-size=16777216"
    "memorysetup-thread-allocator-block-size=16777216"
    "memorysetup-gfx-main-allocator-block-size=16777216"
    "memorysetup-gfx-thread-allocator-block-size=16777216"
    "memorysetup-cache-allocator-block-size=4194304"
    "memorysetup-typetree-allocator-block-size=2097152"
    "memorysetup-profiler-bucket-allocator-granularity=16"
    "memorysetup-profiler-bucket-allocator-bucket-count=8"
    "memorysetup-profiler-bucket-allocator-block-size=33554432"
    "memorysetup-profiler-bucket-allocator-block-count=8"
    "memorysetup-profiler-allocator-block-size=16777216"
    "memorysetup-profiler-editor-allocator-block-size=1048576"
    "memorysetup-temp-allocator-size-main=16777216"
    "memorysetup-job-temp-allocator-block-size=2097152"
    "memorysetup-job-temp-allocator-block-size-background=1048576"
    "memorysetup-job-temp-allocator-reduction-small-platforms=262144"
    "memorysetup-temp-allocator-size-background-worker=32768"
    "memorysetup-temp-allocator-size-job-worker=262144"
    "memorysetup-temp-allocator-size-preload-manager=33554432"
    "memorysetup-temp-allocator-size-nav-mesh-worker=65536"
    "memorysetup-temp-allocator-size-audio-worker=65536"
    "memorysetup-temp-allocator-size-cloud-worker=32768"
    "memorysetup-temp-allocator-size-gi-baking-worker=262144"
    "memorysetup-temp-allocator-size-gfx=262144"
Player connection [21572] Host "[IP] 192.168.88.229 [Port] 0 [Flags] 2 [Guid] 618086878 [EditorId] 618086878 [Version] 1048832 [Id] WindowsEditor(7,IT-333) [Debug] 1 [PackageName] WindowsEditor [ProjectName] Editor" joined multi-casting on [225.0.0.222:54997]...

Player connection [21572] Host "[IP] 192.168.88.229 [Port] 0 [Flags] 2 [Guid] 618086878 [EditorId] 618086878 [Version] 1048832 [Id] WindowsEditor(7,IT-333) [Debug] 1 [PackageName] WindowsEditor [ProjectName] Editor" joined alternative multi-casting on [225.0.0.222:34997]...

Refreshing native plugins compatible for Editor in 92.66 ms, found 4 plugins.
Preloading 0 native plugins for Editor in 0.00 ms.
Initialize engine version: 2021.3.16f1 (4016570cf34f)
[Subsystems] Discovering subsystems at path C:/Program Files/Unity/Hub/Editor/2021.3.16f1/Editor/Data/Resources/UnitySubsystems
[Subsystems] Discovering subsystems at path F:/UnityProjects/2DGame(Lesson_6)/Assets
GfxDevice: creating device client; threaded=0; jobified=0
Direct3D:
    Version:  Direct3D 11.0 [level 11.1]
    Renderer: NVIDIA GeForce GTX 1060 3GB (ID=0x1c02)
    Vendor:   NVIDIA
    VRAM:     2988 MB
    Driver:   27.21.14.6627
Initialize mono
Mono path[0] = 'C:/Program Files/Unity/Hub/Editor/2021.3.16f1/Editor/Data/Managed'
Mono path[1] = 'C:/Program Files/Unity/Hub/Editor/2021.3.16f1/Editor/Data/MonoBleedingEdge/lib/mono/unityjit-win32'
Mono config path = 'C:/Program Files/Unity/Hub/Editor/2021.3.16f1/Editor/Data/MonoBleedingEdge/etc'
Using monoOptions --debugger-agent=transport=dt_socket,embedding=1,server=y,suspend=n,address=127.0.0.1:56568
Begin MonoManager ReloadAssembly
Registering precompiled unity dll's ...
Register platform support module: C:/Program Files/Unity/Hub/Editor/2021.3.16f1/Editor/Data/PlaybackEngines/AndroidPlayer/UnityEditor.Android.Extensions.dll
Register platform support module: C:/Program Files/Unity/Hub/Editor/2021.3.16f1/Editor/Data/PlaybackEngines/WindowsStandaloneSupport/UnityEditor.WindowsStandalone.Extensions.dll
Registered in 0.005385 seconds.
Native extension for WindowsStandalone target not found
Native extension for Android target not found
Refreshing native plugins compatible for Editor in 92.36 ms, found 4 plugins.
Preloading 0 native plugins for Editor in 0.00 ms.
Mono: successfully reloaded assembly
- Completed reload, in  0.564 seconds
Domain Reload Profiling:
	ReloadAssembly (565ms)
		BeginReloadAssembly (56ms)
			ExecutionOrderSort (0ms)
			DisableScriptedObjects (0ms)
			BackupInstance (0ms)
			ReleaseScriptingObjects (0ms)
			CreateAndSetChildDomain (1ms)
		EndReloadAssembly (420ms)
			LoadAssemblies (55ms)
			RebuildTransferFunctionScriptingTraits (0ms)
			SetupTypeCache (89ms)
			ReleaseScriptCaches (0ms)
			RebuildScriptCaches (26ms)
			SetupLoadedEditorAssemblies (261ms)
				LogAssemblyErrors (0ms)
				InitializePlatformSupportModulesInManaged (44ms)
				SetLoadedEditorAssemblies (0ms)
				RefreshPlugins (92ms)
				BeforeProcessingInitializeOnLoad (1ms)
				ProcessInitializeOnLoadAttributes (84ms)
				ProcessInitializeOnLoadMethodAttributes (39ms)
				AfterProcessingInitializeOnLoad (0ms)
				EditorAssembliesLoaded (0ms)
			ExecutionOrderSort2 (0ms)
			AwakeInstancesAfterBackupRestoration (0ms)
Platform modules already initialized, skipping
Registering precompiled user dll's ...
Registered in 0.003797 seconds.
Android Extension - Scanning For ADB Devices 631 ms
Begin MonoManager ReloadAssembly
Symbol file LoadedFromMemory doesn't match image F:\UnityProjects\2DGame(Lesson_6)\Library\PackageCache\com.unity.visualscripting@1.7.8\Editor\VisualScripting.Core\Dependencies\YamlDotNet\Unity.VisualScripting.YamlDotNet.dll
Symbol file LoadedFromMemory doesn't match image F:\UnityProjects\2DGame(Lesson_6)\Library\PackageCache\com.unity.visualscripting@1.7.8\Editor\VisualScripting.Core\Dependencies\DotNetZip\Unity.VisualScripting.IonicZip.dll
Native extension for WindowsStandalone target not found
Native extension for Android target not found
Refreshing native plugins compatible for Editor in 101.77 ms, found 4 plugins.
Preloading 0 native plugins for Editor in 0.00 ms.
Mono: successfully reloaded assembly
- Completed reload, in  1.096 seconds
Domain Reload Profiling:
	ReloadAssembly (1097ms)
		BeginReloadAssembly (88ms)
			ExecutionOrderSort (0ms)
			DisableScriptedObjects (5ms)
			BackupInstance (0ms)
			ReleaseScriptingObjects (0ms)
			CreateAndSetChildDomain (17ms)
		EndReloadAssembly (914ms)
			LoadAssemblies (62ms)
			RebuildTransferFunctionScriptingTraits (0ms)
			SetupTypeCache (213ms)
			ReleaseScriptCaches (1ms)
			RebuildScriptCaches (53ms)
			SetupLoadedEditorAssemblies (532ms)
				LogAssemblyErrors (0ms)
				InitializePlatformSupportModulesInManaged (12ms)
				SetLoadedEditorAssemblies (0ms)
				RefreshPlugins (102ms)
				BeforeProcessingInitializeOnLoad (90ms)
				ProcessInitializeOnLoadAttributes (286ms)
				ProcessInitializeOnLoadMethodAttributes (34ms)
				AfterProcessingInitializeOnLoad (8ms)
				EditorAssembliesLoaded (0ms)
			ExecutionOrderSort2 (0ms)
			AwakeInstancesAfterBackupRestoration (7ms)
Platform modules already initialized, skipping
========================================================================
Worker process is ready to serve import requests
Launched and connected shader compiler UnityShaderCompiler.exe after 0.03 seconds
Refreshing native plugins compatible for Editor in 0.86 ms, found 4 plugins.
Preloading 0 native plugins for Editor in 0.00 ms.
Unloading 4396 Unused Serialized files (Serialized files now loaded: 0)
Unloading 47 unused Assets / (228.9 KB). Loaded Objects now: 4850.
Memory consumption went from 164.3 MB to 164.0 MB.
Total: 3.264200 ms (FindLiveObjects: 0.318100 ms CreateObjectMapping: 0.281000 ms MarkObjects: 2.525600 ms  DeleteObjects: 0.138800 ms)

AssetImportParameters requested are different than current active one (requested -> active):
  custom:video-decoder-ogg-theora: a1e56fd34408186e4bbccfd4996cb3dc -> 
  custom:container-muxer-webm: aa71ff27fc2769a1b78a27578f13a17b -> 
  custom:container-demuxer-webm: 4f35f7cbe854078d1ac9338744f61a02 -> 
  custom:video-encoder-webm-vp8: eb34c28f22e8b96e1ab97ce403110664 -> 
  custom:audio-encoder-webm-vorbis: bf7c407c2cedff20999df2af8eb42d56 -> 
  custom:framework-win-MediaFoundation: 216162199b28c13a410421893ffa2e32 -> 
  custom:container-demuxer-ogg: 62fdf1f143b41e24485cea50d1cbac27 -> 
  custom:video-decoder-webm-vp8: 9c59270c3fd7afecdb556c50c9e8de78 -> 
  custom:audio-decoder-ogg-vorbis: bf7c407c2cedff20999df2af8eb42d56 -> 
========================================================================
Received Import Request.
  Time since last request: 50060.684142 seconds.
  path: Assets/Free Game Items/300dpi/potion_2_empty.png
  artifactKey: Guid(7267ca3baae6b154fa428afb98b4b733) Importer(815301076,1909f56bfc062723c751e8b465ee728b)
Start importing Assets/Free Game Items/300dpi/potion_2_empty.png using Guid(7267ca3baae6b154fa428afb98b4b733) Importer(815301076,1909f56bfc062723c751e8b465ee728b)  -> (artifact id: 'e7e819510ef7165b2ee569032c88e203') in 0.091299 seconds 
========================================================================
Received Import Request.
  Time since last request: 0.000019 seconds.
  path: Assets/Free Game Items/300dpi/brick.png
  artifactKey: Guid(fbc991a4cc408a44c95f71e2ebaa8b3b) Importer(815301076,1909f56bfc062723c751e8b465ee728b)
Start importing Assets/Free Game Items/300dpi/brick.png using Guid(fbc991a4cc408a44c95f71e2ebaa8b3b) Importer(815301076,1909f56bfc062723c751e8b465ee728b)  -> (artifact id: 'f2745eac0f6a1c4de42809e97bac7ee2') in 0.012395 seconds 
========================================================================
Received Import Request.
  Time since last request: 0.000021 seconds.
  path: Assets/Free Game Items/300dpi/gem_1.png
  artifactKey: Guid(6f1afce65949909419b0a70a51a7918b) Importer(815301076,1909f56bfc062723c751e8b465ee728b)
Start importing Assets/Free Game Items/300dpi/gem_1.png using Guid(6f1afce65949909419b0a70a51a7918b) Importer(815301076,1909f56bfc062723c751e8b465ee728b)  -> (artifact id: 'c13728cbe6811fd8b6ca87f02f1b1091') in 0.011634 seconds 
========================================================================
Received Import Request.
  Time since last request: 0.000015 seconds.
  path: Assets/Free Game Items/300dpi/rifle.png
  artifactKey: Guid(604a33afbe2140544a43ae2d43bb9616) Importer(815301076,1909f56bfc062723c751e8b465ee728b)
Start importing Assets/Free Game Items/300dpi/rifle.png using Guid(604a33afbe2140544a43ae2d43bb9616) Importer(815301076,1909f56bfc062723c751e8b465ee728b)  -> (artifact id: '9bb2306b0119bdca55b0d49dc601d43f') in 0.027735 seconds 
========================================================================
Received Import Request.
  Time since last request: 0.000016 seconds.
  path: Assets/Free Game Items/300dpi/bomb.png
  artifactKey: Guid(1f4a0aae86ebe3a4abe7d92019f422cb) Importer(815301076,1909f56bfc062723c751e8b465ee728b)
Start importing Assets/Free Game Items/300dpi/bomb.png using Guid(1f4a0aae86ebe3a4abe7d92019f422cb) Importer(815301076,1909f56bfc062723c751e8b465ee728b)  -> (artifact id: '9f0d8e58efbe5179ae8652e125c72ed1') in 0.016693 seconds 
========================================================================
Received Import Request.
  Time since last request: 0.000022 seconds.
  path: Assets/Free Game Items/300dpi/machete.png
  artifactKey: Guid(a1c4e5c36c7ec7e42ae3cbadc63fb92a) Importer(815301076,1909f56bfc062723c751e8b465ee728b)
Start importing Assets/Free Game Items/300dpi/machete.png using Guid(a1c4e5c36c7ec7e42ae3cbadc63fb92a) Importer(815301076,1909f56bfc062723c751e8b465ee728b)  -> (artifact id: 'b67d90f6ea7d0e4fa7abd011bb1db82d') in 0.016653 seconds 
========================================================================
Received Import Request.
  Time since last request: 0.000025 seconds.
  path: Assets/Free Game Items/300dpi/clover.png
  artifactKey: Guid(7fbd9ab32b329464a8c464e9fea41ded) Importer(815301076,1909f56bfc062723c751e8b465ee728b)
Start importing Assets/Free Game Items/300dpi/clover.png using Guid(7fbd9ab32b329464a8c464e9fea41ded) Importer(815301076,1909f56bfc062723c751e8b465ee728b)  -> (artifact id: '59e82fedc1ea02ebd74d5f629a5cc3d1') in 0.014906 seconds 
========================================================================
Received Import Request.
  Time since last request: 0.000025 seconds.
  path: Assets/Free Game Items/300dpi/backpack-1.png
  artifactKey: Guid(12ecca8998715824f822cd52d4152545) Importer(815301076,1909f56bfc062723c751e8b465ee728b)
Start importing Assets/Free Game Items/300dpi/backpack-1.png using Guid(12ecca8998715824f822cd52d4152545) Importer(815301076,1909f56bfc062723c751e8b465ee728b)  -> (artifact id: '3a2bd937c7b383e019645eaf15646bd3') in 0.013920 seconds 
========================================================================
Received Import Request.
  Time since last request: 1.361950 seconds.
  path: Assets/Free Game Items/96dpi/backpack-1.png
  artifactKey: Guid(299599986b195ec44ba0d4bf6f4d4804) Importer(815301076,1909f56bfc062723c751e8b465ee728b)
Start importing Assets/Free Game Items/96dpi/backpack-1.png using Guid(299599986b195ec44ba0d4bf6f4d4804) Importer(815301076,1909f56bfc062723c751e8b465ee728b)  -> (artifact id: '9a9d6a57994ff0fc6d742d4f0708c263') in 0.009399 seconds 
========================================================================
Received Import Request.
  Time since last request: 0.000013 seconds.
  path: Assets/Free Game Items/96dpi/pills.png
  artifactKey: Guid(dfecc0923b6ad9e4bb1187809ad62dad) Importer(815301076,1909f56bfc062723c751e8b465ee728b)
Start importing Assets/Free Game Items/96dpi/pills.png using Guid(dfecc0923b6ad9e4bb1187809ad62dad) Importer(815301076,1909f56bfc062723c751e8b465ee728b)  -> (artifact id: '37a39b0c8ee1311935987f8e9638c8a7') in 0.007566 seconds 
========================================================================
Received Import Request.
  Time since last request: 0.000013 seconds.
  path: Assets/Free Game Items/96dpi/book.png
  artifactKey: Guid(405f359d0ed349e439b3e500b5f55c8a) Importer(815301076,1909f56bfc062723c751e8b465ee728b)
Start importing Assets/Free Game Items/96dpi/book.png using Guid(405f359d0ed349e439b3e500b5f55c8a) Importer(815301076,1909f56bfc062723c751e8b465ee728b)  -> (artifact id: 'cb01f196d58df0ca4f8f38be4a2a9481') in 0.008281 seconds 
========================================================================
Received Import Request.
  Time since last request: 0.000016 seconds.
  path: Assets/Free Game Items/96dpi/rifle.png
  artifactKey: Guid(1bcfbc6b95a2af94aa21aeb5a22ad9f7) Importer(815301076,1909f56bfc062723c751e8b465ee728b)
Start importing Assets/Free Game Items/96dpi/rifle.png using Guid(1bcfbc6b95a2af94aa21aeb5a22ad9f7) Importer(815301076,1909f56bfc062723c751e8b465ee728b)  -> (artifact id: 'e4d7ee5d18673e55a26192f2162ac259') in 0.008595 seconds 
========================================================================
Received Import Request.
  Time since last request: 0.000025 seconds.
  path: Assets/Free Game Items/96dpi/gem_1.png
  artifactKey: Guid(1b4ab323c3684824c8c12d284b4688de) Importer(815301076,1909f56bfc062723c751e8b465ee728b)
Start importing Assets/Free Game Items/96dpi/gem_1.png using Guid(1b4ab323c3684824c8c12d284b4688de) Importer(815301076,1909f56bfc062723c751e8b465ee728b)  -> (artifact id: 'dc6f12c12b31c02550a1138c8632fc51') in 0.007894 seconds 
========================================================================
Received Import Request.
  Time since last request: 0.000017 seconds.
  path: Assets/Free Game Items/96dpi/bandage.png
  artifactKey: Guid(55d319343d6d686429960c7dce53140d) Importer(815301076,1909f56bfc062723c751e8b465ee728b)
Start importing Assets/Free Game Items/96dpi/bandage.png using Guid(55d319343d6d686429960c7dce53140d) Importer(815301076,1909f56bfc062723c751e8b465ee728b)  -> (artifact id: '6c59fe4cc95e41d62043b0e25eab6f7f') in 0.007343 seconds 
========================================================================
Received Import Request.
  Time since last request: 0.000013 seconds.
  path: Assets/Free Game Items/96dpi/rope.png
  artifactKey: Guid(81db573bae342c546ad4eb703ead30a5) Importer(815301076,1909f56bfc062723c751e8b465ee728b)
Start importing Assets/Free Game Items/96dpi/rope.png using Guid(81db573bae342c546ad4eb703ead30a5) Importer(815301076,1909f56bfc062723c751e8b465ee728b)  -> (artifact id: '37e94b2a7a291bb2156b9a3f5d1fefff') in 0.009532 seconds 
========================================================================
Received Import Request.
  Time since last request: 0.000014 seconds.
  path: Assets/Free Game Items/96dpi/gem_2.png
  artifactKey: Guid(59dceeb1278244b429441fc1a4d16dc7) Importer(815301076,1909f56bfc062723c751e8b465ee728b)
Start importing Assets/Free Game Items/96dpi/gem_2.png using Guid(59dceeb1278244b429441fc1a4d16dc7) Importer(815301076,1909f56bfc062723c751e8b465ee728b)  -> (artifact id: '0737acff1298dfef4af2edbf07ba3ae2') in 0.006152 seconds 
========================================================================
Received Import Request.
  Time since last request: 0.000021 seconds.
  path: Assets/Free Game Items/96dpi/potion_1_empty.png
  artifactKey: Guid(6d3666605cd21104fa84a1a601df5597) Importer(815301076,1909f56bfc062723c751e8b465ee728b)
Start importing Assets/Free Game Items/96dpi/potion_1_empty.png using Guid(6d3666605cd21104fa84a1a601df5597) Importer(815301076,1909f56bfc062723c751e8b465ee728b)  -> (artifact id: '4e4014c4a42317934f449fcac7bca7f6') in 0.007115 seconds 
========================================================================
Received Import Request.
  Time since last request: 0.000014 seconds.
  path: Assets/Free Game Items/96dpi/chemical_light.png
  artifactKey: Guid(cc7773ef4a2e0cb40859bd61c2c27b1e) Importer(815301076,1909f56bfc062723c751e8b465ee728b)
Start importing Assets/Free Game Items/96dpi/chemical_light.png using Guid(cc7773ef4a2e0cb40859bd61c2c27b1e) Importer(815301076,1909f56bfc062723c751e8b465ee728b)  -> (artifact id: 'd627a2f826391bcde7142c6bbb827f5d') in 0.006514 seconds 
========================================================================
Received Import Request.
  Time since last request: 0.000013 seconds.
  path: Assets/Free Game Items/96dpi/scroll.png
  artifactKey: Guid(50a947e39c924a34190e2127f6d76ebb) Importer(815301076,1909f56bfc062723c751e8b465ee728b)
Start importing Assets/Free Game Items/96dpi/scroll.png using Guid(50a947e39c924a34190e2127f6d76ebb) Importer(815301076,1909f56bfc062723c751e8b465ee728b)  -> (artifact id: 'dfadbe322f2256c3647c236305112510') in 0.007845 seconds 
========================================================================
Received Import Request.
  Time since last request: 0.000014 seconds.
  path: Assets/Free Game Items/96dpi/machete.png
  artifactKey: Guid(c6a995b6b3cc2664fbddcfcb3a83293b) Importer(815301076,1909f56bfc062723c751e8b465ee728b)
Start importing Assets/Free Game Items/96dpi/machete.png using Guid(c6a995b6b3cc2664fbddcfcb3a83293b) Importer(815301076,1909f56bfc062723c751e8b465ee728b)  -> (artifact id: 'ae7c9be4da063addb3d1260fc10524ac') in 0.007211 seconds 
========================================================================
Received Import Request.
  Time since last request: 0.000013 seconds.
  path: Assets/Free Game Items/96dpi/potion_2_empty.png
  artifactKey: Guid(3e6700891a58cc44392dd1f1f841b3da) Importer(815301076,1909f56bfc062723c751e8b465ee728b)
Start importing Assets/Free Game Items/96dpi/potion_2_empty.png using Guid(3e6700891a58cc44392dd1f1f841b3da) Importer(815301076,1909f56bfc062723c751e8b465ee728b)  -> (artifact id: 'f4cdbb254f49b2aa8753ee33069920e8') in 0.006456 seconds 
========================================================================
Received Import Request.
  Time since last request: 0.000014 seconds.
  path: Assets/Free Game Items/96dpi/potion_1.png
  artifactKey: Guid(c5eceadfabbf8214abff1dad1b45500c) Importer(815301076,1909f56bfc062723c751e8b465ee728b)
Start importing Assets/Free Game Items/96dpi/potion_1.png using Guid(c5eceadfabbf8214abff1dad1b45500c) Importer(815301076,1909f56bfc062723c751e8b465ee728b)  -> (artifact id: '622eb4f37e90eaa0b99312593159fdf0') in 0.006501 seconds 
========================================================================
Received Import Request.
  Time since last request: 0.000014 seconds.
  path: Assets/Free Game Items/96dpi/feather.png
  artifactKey: Guid(d978eb0536f3b6046a6428f028d5a943) Importer(815301076,1909f56bfc062723c751e8b465ee728b)
Start importing Assets/Free Game Items/96dpi/feather.png using Guid(d978eb0536f3b6046a6428f028d5a943) Importer(815301076,1909f56bfc062723c751e8b465ee728b)  -> (artifact id: 'fa07753f97785da489fb96a0542b1363') in 0.006760 seconds 
========================================================================
Received Import Request.
  Time since last request: 0.421715 seconds.
  path: Assets/Free Game Items/150dpi/backpack-2.png
  artifactKey: Guid(8dd922e0d91017f4eb28b71fe3f476d6) Importer(815301076,1909f56bfc062723c751e8b465ee728b)
Start importing Assets/Free Game Items/150dpi/backpack-2.png using Guid(8dd922e0d91017f4eb28b71fe3f476d6) Importer(815301076,1909f56bfc062723c751e8b465ee728b)  -> (artifact id: '45fc18a5082d67c24513cdbbdc40011f') in 0.009513 seconds 
========================================================================
Received Import Request.
  Time since last request: 0.000016 seconds.
  path: Assets/Free Game Items/150dpi/clover.png
  artifactKey: Guid(7c25f9dee60b0204192d065fac7df8f3) Importer(815301076,1909f56bfc062723c751e8b465ee728b)
Start importing Assets/Free Game Items/150dpi/clover.png using Guid(7c25f9dee60b0204192d065fac7df8f3) Importer(815301076,1909f56bfc062723c751e8b465ee728b)  -> (artifact id: 'ec9dcb20b2ace693b723f00631448645') in 0.008245 seconds 
========================================================================
Received Import Request.
  Time since last request: 0.000021 seconds.
  path: Assets/Free Game Items/150dpi/rifle.png
  artifactKey: Guid(92ee55949e6b8da4ab7ff6e946f1e48e) Importer(815301076,1909f56bfc062723c751e8b465ee728b)
Start importing Assets/Free Game Items/150dpi/rifle.png using Guid(92ee55949e6b8da4ab7ff6e946f1e48e) Importer(815301076,1909f56bfc062723c751e8b465ee728b)  -> (artifact id: '26d0d043fc9ca3f015678f20b13bf859') in 0.010843 seconds 
========================================================================
Received Import Request.
  Time since last request: 0.000017 seconds.
  path: Assets/Free Game Items/150dpi/feather.png
  artifactKey: Guid(067444548665d434d9bd4dd4096b9985) Importer(815301076,1909f56bfc062723c751e8b465ee728b)
Start importing Assets/Free Game Items/150dpi/feather.png using Guid(067444548665d434d9bd4dd4096b9985) Importer(815301076,1909f56bfc062723c751e8b465ee728b)  -> (artifact id: '90289f1b5d0c69a189703678f2fdf555') in 0.007351 seconds 
========================================================================
Received Import Request.
  Time since last request: 0.000013 seconds.
  path: Assets/Free Game Items/150dpi/brick.png
  artifactKey: Guid(e90f925b4b0e49b47b6607adb53587be) Importer(815301076,1909f56bfc062723c751e8b465ee728b)
Start importing Assets/Free Game Items/150dpi/brick.png using Guid(e90f925b4b0e49b47b6607adb53587be) Importer(815301076,1909f56bfc062723c751e8b465ee728b)  -> (artifact id: 'b0bc232c099e49c9fb3d77664b25bce4') in 0.008848 seconds 
========================================================================
Received Import Request.
  Time since last request: 0.000016 seconds.
  path: Assets/Free Game Items/150dpi/potion_1_empty.png
  artifactKey: Guid(f45af443cb14eed409506ad777729639) Importer(815301076,1909f56bfc062723c751e8b465ee728b)
Start importing Assets/Free Game Items/150dpi/potion_1_empty.png using Guid(f45af443cb14eed409506ad777729639) Importer(815301076,1909f56bfc062723c751e8b465ee728b)  -> (artifact id: 'a0097e00b5401cd9190af13e962041a0') in 0.009217 seconds 
========================================================================
Received Import Request.
  Time since last request: 0.000021 seconds.
  path: Assets/Free Game Items/150dpi/sword.png
  artifactKey: Guid(4f4b3730cb977d144b41fcd8e14597c6) Importer(815301076,1909f56bfc062723c751e8b465ee728b)
Start importing Assets/Free Game Items/150dpi/sword.png using Guid(4f4b3730cb977d144b41fcd8e14597c6) Importer(815301076,1909f56bfc062723c751e8b465ee728b)  -> (artifact id: 'e32c6d5f844905af9856760797c4d5be') in 0.009891 seconds 
========================================================================
Received Import Request.
  Time since last request: 0.000012 seconds.
  path: Assets/Free Game Items/150dpi/bomb.png
  artifactKey: Guid(cacbda78d462c744499e8adb7ad49c33) Importer(815301076,1909f56bfc062723c751e8b465ee728b)
Start importing Assets/Free Game Items/150dpi/bomb.png using Guid(cacbda78d462c744499e8adb7ad49c33) Importer(815301076,1909f56bfc062723c751e8b465ee728b)  -> (artifact id: '2307f2681c3d94cc294527b8175a9848') in 0.009726 seconds 
========================================================================
Received Import Request.
  Time since last request: 0.000013 seconds.
  path: Assets/Free Game Items/150dpi/gem_1.png
  artifactKey: Guid(c39e16d77426b2c4c948d7fba3d5752b) Importer(815301076,1909f56bfc062723c751e8b465ee728b)
Start importing Assets/Free Game Items/150dpi/gem_1.png using Guid(c39e16d77426b2c4c948d7fba3d5752b) Importer(815301076,1909f56bfc062723c751e8b465ee728b)  -> (artifact id: '60f677a3365239e2957338ee4025ac60') in 0.008277 seconds 
========================================================================
Received Import Request.
  Time since last request: 0.000015 seconds.
  path: Assets/Free Game Items/150dpi/potion_2_empty.png
  artifactKey: Guid(68f45e999bd100c45b224fa600896f75) Importer(815301076,1909f56bfc062723c751e8b465ee728b)
Start importing Assets/Free Game Items/150dpi/potion_2_empty.png using Guid(68f45e999bd100c45b224fa600896f75) Importer(815301076,1909f56bfc062723c751e8b465ee728b)  -> (artifact id: '125d64a2037bfd59a4935060b2785a5e') in 0.009622 seconds 
========================================================================
Received Import Request.
  Time since last request: 0.000021 seconds.
  path: Assets/Free Game Items/150dpi/pills.png
  artifactKey: Guid(eb56624208ea0da4ba72ba9a63a1ab12) Importer(815301076,1909f56bfc062723c751e8b465ee728b)
Start importing Assets/Free Game Items/150dpi/pills.png using Guid(eb56624208ea0da4ba72ba9a63a1ab12) Importer(815301076,1909f56bfc062723c751e8b465ee728b)  -> (artifact id: '97f0eec5208ba493d430f1c5b567d8b4') in 0.006999 seconds 
========================================================================
Received Prepare
Registering precompiled user dll's ...
Registered in 0.003605 seconds.
Begin MonoManager ReloadAssembly
Symbol file LoadedFromMemory doesn't match image F:\UnityProjects\2DGame(Lesson_6)\Library\PackageCache\com.unity.visualscripting@1.7.8\Editor\VisualScripting.Core\Dependencies\YamlDotNet\Unity.VisualScripting.YamlDotNet.dll
Symbol file LoadedFromMemory doesn't match image F:\UnityProjects\2DGame(Lesson_6)\Library\PackageCache\com.unity.visualscripting@1.7.8\Editor\VisualScripting.Core\Dependencies\DotNetZip\Unity.VisualScripting.IonicZip.dll
Native extension for WindowsStandalone target not found
Native extension for Android target not found
Refreshing native plugins compatible for Editor in 0.82 ms, found 4 plugins.
Preloading 0 native plugins for Editor in 0.00 ms.
Mono: successfully reloaded assembly
- Completed reload, in  0.933 seconds
Domain Reload Profiling:
	ReloadAssembly (933ms)
		BeginReloadAssembly (121ms)
			ExecutionOrderSort (0ms)
			DisableScriptedObjects (6ms)
			BackupInstance (0ms)
			ReleaseScriptingObjects (0ms)
			CreateAndSetChildDomain (39ms)
		EndReloadAssembly (727ms)
			LoadAssemblies (73ms)
			RebuildTransferFunctionScriptingTraits (0ms)
			SetupTypeCache (222ms)
			ReleaseScriptCaches (1ms)
			RebuildScriptCaches (42ms)
			SetupLoadedEditorAssemblies (345ms)
				LogAssemblyErrors (0ms)
				InitializePlatformSupportModulesInManaged (18ms)
				SetLoadedEditorAssemblies (0ms)
				RefreshPlugins (1ms)
				BeforeProcessingInitializeOnLoad (64ms)
				ProcessInitializeOnLoadAttributes (226ms)
				ProcessInitializeOnLoadMethodAttributes (30ms)
				AfterProcessingInitializeOnLoad (6ms)
				EditorAssembliesLoaded (0ms)
			ExecutionOrderSort2 (0ms)
			AwakeInstancesAfterBackupRestoration (7ms)
Platform modules already initialized, skipping
Refreshing native plugins compatible for Editor in 1.83 ms, found 4 plugins.
Preloading 0 native plugins for Editor in 0.00 ms.
Unloading 4392 Unused Serialized files (Serialized files now loaded: 0)
Unloading 32 unused Assets / (195.1 KB). Loaded Objects now: 4936.
Memory consumption went from 168.7 MB to 168.5 MB.
Total: 3.322300 ms (FindLiveObjects: 0.298800 ms CreateObjectMapping: 0.294400 ms MarkObjects: 2.603500 ms  DeleteObjects: 0.124700 ms)

AssetImportParameters requested are different than current active one (requested -> active):
  custom:video-decoder-ogg-theora: a1e56fd34408186e4bbccfd4996cb3dc -> 
  custom:container-muxer-webm: aa71ff27fc2769a1b78a27578f13a17b -> 
  custom:container-demuxer-webm: 4f35f7cbe854078d1ac9338744f61a02 -> 
  custom:video-encoder-webm-vp8: eb34c28f22e8b96e1ab97ce403110664 -> 
  custom:audio-encoder-webm-vorbis: bf7c407c2cedff20999df2af8eb42d56 -> 
  custom:framework-win-MediaFoundation: 216162199b28c13a410421893ffa2e32 -> 
  custom:container-demuxer-ogg: 62fdf1f143b41e24485cea50d1cbac27 -> 
  custom:video-decoder-webm-vp8: 9c59270c3fd7afecdb556c50c9e8de78 -> 
  custom:audio-decoder-ogg-vorbis: bf7c407c2cedff20999df2af8eb42d56 -> 
Editor requested this worker to shutdown with reason: Scaling down because of idle timeout
AssetImportWorker is now disconnected from the server
Process exiting
Exiting without the bug reporter. Application will terminate with return code 0