Using pre-set license
Built from '2021.3/staging' branch; Version is '2021.3.16f1 (4016570cf34f) revision 4200023'; Using compiler version '192829333'; Build Type 'Release'
OS: 'Windows 10  (10.0.19041) 64bit Professional' Language: 'ru' Physical Memory: 32680 MB
BatchMode: 1, IsHumanControllingUs: 0, StartBugReporterOnCrash: 0, Is64bit: 1, IsPro: 1

COMMAND LINE ARGUMENTS:
C:\Program Files\Unity\Hub\Editor\2021.3.16f1\Editor\Unity.exe
-adb2
-batchMode
-noUpm
-name
AssetImportWorker0
-projectPath
F:/UnityProjects/2DGame(Lesson_6)
-logFile
Logs/AssetImportWorker0.log
-srvPort
50864
Successfully changed project path to: F:/UnityProjects/2DGame(Lesson_6)
F:/UnityProjects/2DGame(Lesson_6)
[UnityMemory] Configuration Parameters - Can be set up in boot.config
    "memorysetup-bucket-allocator-granularity=16"
    "memorysetup-bucket-allocator-bucket-count=8"
    "memorysetup-bucket-allocator-block-size=33554432"
    "memorysetup-bucket-allocator-block-count=8"
    "memorysetup-main-allocator-block-size=16777216"
    "memorysetup-thread-allocator-block-size=16777216"
    "memorysetup-gfx-main-allocator-block-size=16777216"
    "memorysetup-gfx-thread-allocator-block-size=16777216"
    "memorysetup-cache-allocator-block-size=4194304"
    "memorysetup-typetree-allocator-block-size=2097152"
    "memorysetup-profiler-bucket-allocator-granularity=16"
    "memorysetup-profiler-bucket-allocator-bucket-count=8"
    "memorysetup-profiler-bucket-allocator-block-size=33554432"
    "memorysetup-profiler-bucket-allocator-block-count=8"
    "memorysetup-profiler-allocator-block-size=16777216"
    "memorysetup-profiler-editor-allocator-block-size=1048576"
    "memorysetup-temp-allocator-size-main=16777216"
    "memorysetup-job-temp-allocator-block-size=2097152"
    "memorysetup-job-temp-allocator-block-size-background=1048576"
    "memorysetup-job-temp-allocator-reduction-small-platforms=262144"
    "memorysetup-temp-allocator-size-background-worker=32768"
    "memorysetup-temp-allocator-size-job-worker=262144"
    "memorysetup-temp-allocator-size-preload-manager=33554432"
    "memorysetup-temp-allocator-size-nav-mesh-worker=65536"
    "memorysetup-temp-allocator-size-audio-worker=65536"
    "memorysetup-temp-allocator-size-cloud-worker=32768"
    "memorysetup-temp-allocator-size-gi-baking-worker=262144"
    "memorysetup-temp-allocator-size-gfx=262144"
Player connection [4600] Host "[IP] 192.168.88.229 [Port] 0 [Flags] 2 [Guid] 3246507002 [EditorId] 3246507002 [Version] 1048832 [Id] WindowsEditor(7,IT-333) [Debug] 1 [PackageName] WindowsEditor [ProjectName] Editor" joined multi-casting on [225.0.0.222:54997]...

Player connection [4600] Host "[IP] 192.168.88.229 [Port] 0 [Flags] 2 [Guid] 3246507002 [EditorId] 3246507002 [Version] 1048832 [Id] WindowsEditor(7,IT-333) [Debug] 1 [PackageName] WindowsEditor [ProjectName] Editor" joined alternative multi-casting on [225.0.0.222:34997]...

Refreshing native plugins compatible for Editor in 91.60 ms, found 4 plugins.
Preloading 0 native plugins for Editor in 0.00 ms.
Initialize engine version: 2021.3.16f1 (4016570cf34f)
[Subsystems] Discovering subsystems at path C:/Program Files/Unity/Hub/Editor/2021.3.16f1/Editor/Data/Resources/UnitySubsystems
[Subsystems] Discovering subsystems at path F:/UnityProjects/2DGame(Lesson_6)/Assets
GfxDevice: creating device client; threaded=0; jobified=0
Direct3D:
    Version:  Direct3D 11.0 [level 11.1]
    Renderer: NVIDIA GeForce GTX 1060 3GB (ID=0x1c02)
    Vendor:   NVIDIA
    VRAM:     2988 MB
    Driver:   27.21.14.6627
Initialize mono
Mono path[0] = 'C:/Program Files/Unity/Hub/Editor/2021.3.16f1/Editor/Data/Managed'
Mono path[1] = 'C:/Program Files/Unity/Hub/Editor/2021.3.16f1/Editor/Data/MonoBleedingEdge/lib/mono/unityjit-win32'
Mono config path = 'C:/Program Files/Unity/Hub/Editor/2021.3.16f1/Editor/Data/MonoBleedingEdge/etc'
Using monoOptions --debugger-agent=transport=dt_socket,embedding=1,server=y,suspend=n,address=127.0.0.1:56504
Begin MonoManager ReloadAssembly
Registering precompiled unity dll's ...
Register platform support module: C:/Program Files/Unity/Hub/Editor/2021.3.16f1/Editor/Data/PlaybackEngines/AndroidPlayer/UnityEditor.Android.Extensions.dll
Register platform support module: C:/Program Files/Unity/Hub/Editor/2021.3.16f1/Editor/Data/PlaybackEngines/WindowsStandaloneSupport/UnityEditor.WindowsStandalone.Extensions.dll
Registered in 0.005303 seconds.
Native extension for WindowsStandalone target not found
Native extension for Android target not found
Refreshing native plugins compatible for Editor in 92.41 ms, found 4 plugins.
Preloading 0 native plugins for Editor in 0.00 ms.
Mono: successfully reloaded assembly
- Completed reload, in  0.562 seconds
Domain Reload Profiling:
	ReloadAssembly (562ms)
		BeginReloadAssembly (57ms)
			ExecutionOrderSort (0ms)
			DisableScriptedObjects (0ms)
			BackupInstance (0ms)
			ReleaseScriptingObjects (0ms)
			CreateAndSetChildDomain (1ms)
		EndReloadAssembly (416ms)
			LoadAssemblies (55ms)
			RebuildTransferFunctionScriptingTraits (0ms)
			SetupTypeCache (90ms)
			ReleaseScriptCaches (0ms)
			RebuildScriptCaches (25ms)
			SetupLoadedEditorAssemblies (259ms)
				LogAssemblyErrors (0ms)
				InitializePlatformSupportModulesInManaged (44ms)
				SetLoadedEditorAssemblies (0ms)
				RefreshPlugins (92ms)
				BeforeProcessingInitializeOnLoad (1ms)
				ProcessInitializeOnLoadAttributes (84ms)
				ProcessInitializeOnLoadMethodAttributes (37ms)
				AfterProcessingInitializeOnLoad (0ms)
				EditorAssembliesLoaded (0ms)
			ExecutionOrderSort2 (0ms)
			AwakeInstancesAfterBackupRestoration (0ms)
Platform modules already initialized, skipping
Registering precompiled user dll's ...
Registered in 0.003914 seconds.
Android Extension - Scanning For ADB Devices 620 ms
Begin MonoManager ReloadAssembly
Symbol file LoadedFromMemory doesn't match image F:\UnityProjects\2DGame(Lesson_6)\Library\PackageCache\com.unity.visualscripting@1.7.8\Editor\VisualScripting.Core\Dependencies\YamlDotNet\Unity.VisualScripting.YamlDotNet.dll
Symbol file LoadedFromMemory doesn't match image F:\UnityProjects\2DGame(Lesson_6)\Library\PackageCache\com.unity.visualscripting@1.7.8\Editor\VisualScripting.Core\Dependencies\DotNetZip\Unity.VisualScripting.IonicZip.dll
Native extension for WindowsStandalone target not found
Native extension for Android target not found
Refreshing native plugins compatible for Editor in 94.54 ms, found 4 plugins.
Preloading 0 native plugins for Editor in 0.00 ms.
Mono: successfully reloaded assembly
- Completed reload, in  1.056 seconds
Domain Reload Profiling:
	ReloadAssembly (1057ms)
		BeginReloadAssembly (89ms)
			ExecutionOrderSort (0ms)
			DisableScriptedObjects (5ms)
			BackupInstance (0ms)
			ReleaseScriptingObjects (0ms)
			CreateAndSetChildDomain (16ms)
		EndReloadAssembly (876ms)
			LoadAssemblies (65ms)
			RebuildTransferFunctionScriptingTraits (0ms)
			SetupTypeCache (216ms)
			ReleaseScriptCaches (1ms)
			RebuildScriptCaches (53ms)
			SetupLoadedEditorAssemblies (502ms)
				LogAssemblyErrors (0ms)
				InitializePlatformSupportModulesInManaged (12ms)
				SetLoadedEditorAssemblies (0ms)
				RefreshPlugins (95ms)
				BeforeProcessingInitializeOnLoad (89ms)
				ProcessInitializeOnLoadAttributes (264ms)
				ProcessInitializeOnLoadMethodAttributes (36ms)
				AfterProcessingInitializeOnLoad (6ms)
				EditorAssembliesLoaded (0ms)
			ExecutionOrderSort2 (0ms)
			AwakeInstancesAfterBackupRestoration (5ms)
Platform modules already initialized, skipping
========================================================================
Worker process is ready to serve import requests
Launched and connected shader compiler UnityShaderCompiler.exe after 0.03 seconds
Refreshing native plugins compatible for Editor in 0.84 ms, found 4 plugins.
Preloading 0 native plugins for Editor in 0.00 ms.
Unloading 4396 Unused Serialized files (Serialized files now loaded: 0)
Unloading 47 unused Assets / (228.9 KB). Loaded Objects now: 4850.
Memory consumption went from 164.3 MB to 164.0 MB.
Total: 3.159000 ms (FindLiveObjects: 0.288100 ms CreateObjectMapping: 0.311200 ms MarkObjects: 2.435600 ms  DeleteObjects: 0.123400 ms)

AssetImportParameters requested are different than current active one (requested -> active):
  custom:video-decoder-ogg-theora: a1e56fd34408186e4bbccfd4996cb3dc -> 
  custom:container-muxer-webm: aa71ff27fc2769a1b78a27578f13a17b -> 
  custom:container-demuxer-webm: 4f35f7cbe854078d1ac9338744f61a02 -> 
  custom:video-encoder-webm-vp8: eb34c28f22e8b96e1ab97ce403110664 -> 
  custom:audio-encoder-webm-vorbis: bf7c407c2cedff20999df2af8eb42d56 -> 
  custom:framework-win-MediaFoundation: 216162199b28c13a410421893ffa2e32 -> 
  custom:container-demuxer-ogg: 62fdf1f143b41e24485cea50d1cbac27 -> 
  custom:video-decoder-webm-vp8: 9c59270c3fd7afecdb556c50c9e8de78 -> 
  custom:audio-decoder-ogg-vorbis: bf7c407c2cedff20999df2af8eb42d56 -> 
========================================================================
Received Import Request.
  Time since last request: 50060.407223 seconds.
  path: Assets/Free Game Items/300dpi/backpack-2.png
  artifactKey: Guid(3f69ebcf2fe7fcc4b8d1566ec5839fed) Importer(815301076,1909f56bfc062723c751e8b465ee728b)
Start importing Assets/Free Game Items/300dpi/backpack-2.png using Guid(3f69ebcf2fe7fcc4b8d1566ec5839fed) Importer(815301076,1909f56bfc062723c751e8b465ee728b)  -> (artifact id: 'eb218f911d0857433aed77b82f8867f1') in 0.080421 seconds 
========================================================================
Received Import Request.
  Time since last request: 0.000015 seconds.
  path: Assets/Free Game Items/300dpi/hammer.png
  artifactKey: Guid(85b5c08cd5f304b4eb3a556df2a428d6) Importer(815301076,1909f56bfc062723c751e8b465ee728b)
Start importing Assets/Free Game Items/300dpi/hammer.png using Guid(85b5c08cd5f304b4eb3a556df2a428d6) Importer(815301076,1909f56bfc062723c751e8b465ee728b)  -> (artifact id: 'f092a97215f93016d8f54617f9cfa37d') in 0.017577 seconds 
========================================================================
Received Import Request.
  Time since last request: 0.000040 seconds.
  path: Assets/Free Game Items/300dpi/potion_1_empty.png
  artifactKey: Guid(597d01b22596a204d8c2a1961f356ce7) Importer(815301076,1909f56bfc062723c751e8b465ee728b)
Start importing Assets/Free Game Items/300dpi/potion_1_empty.png using Guid(597d01b22596a204d8c2a1961f356ce7) Importer(815301076,1909f56bfc062723c751e8b465ee728b)  -> (artifact id: '168a892d0ac9baf78b287e498c2918fb') in 0.011144 seconds 
========================================================================
Received Import Request.
  Time since last request: 0.000014 seconds.
  path: Assets/Free Game Items/150dpi
  artifactKey: Guid(becde04e1e827274e9a6a6b8b7c4f11b) Importer(815301076,1909f56bfc062723c751e8b465ee728b)
Start importing Assets/Free Game Items/150dpi using Guid(becde04e1e827274e9a6a6b8b7c4f11b) Importer(815301076,1909f56bfc062723c751e8b465ee728b)  -> (artifact id: '0788409abe6b1f029e09aca4b5839521') in 0.000587 seconds 
========================================================================
Received Import Request.
  Time since last request: 0.000019 seconds.
  path: Assets/Free Game Items/300dpi/flashlight.png
  artifactKey: Guid(13baec530bb89bf45a6f175a1375ea83) Importer(815301076,1909f56bfc062723c751e8b465ee728b)
Start importing Assets/Free Game Items/300dpi/flashlight.png using Guid(13baec530bb89bf45a6f175a1375ea83) Importer(815301076,1909f56bfc062723c751e8b465ee728b)  -> (artifact id: '251a2cafcfd0b8775ba920fa279c4fd6') in 0.011037 seconds 
========================================================================
Received Import Request.
  Time since last request: 0.000014 seconds.
  path: Assets/Free Game Items/300dpi/pill.png
  artifactKey: Guid(619d73d8279488e44ad15761d2b24b72) Importer(815301076,1909f56bfc062723c751e8b465ee728b)
Start importing Assets/Free Game Items/300dpi/pill.png using Guid(619d73d8279488e44ad15761d2b24b72) Importer(815301076,1909f56bfc062723c751e8b465ee728b)  -> (artifact id: 'd2a4014a6c78972ad842b40612869183') in 0.008081 seconds 
========================================================================
Received Import Request.
  Time since last request: 0.000015 seconds.
  path: Assets/Free Game Items/300dpi
  artifactKey: Guid(288fa2afe3a74dd4d9b50bfcb2d34c01) Importer(815301076,1909f56bfc062723c751e8b465ee728b)
Start importing Assets/Free Game Items/300dpi using Guid(288fa2afe3a74dd4d9b50bfcb2d34c01) Importer(815301076,1909f56bfc062723c751e8b465ee728b)  -> (artifact id: '2f129704b586474591fdef0bd795bff8') in 0.000799 seconds 
========================================================================
Received Import Request.
  Time since last request: 0.000024 seconds.
  path: Assets/Free Game Items/300dpi/book.png
  artifactKey: Guid(d98957d25635e1844914d42e7a142b29) Importer(815301076,1909f56bfc062723c751e8b465ee728b)
Start importing Assets/Free Game Items/300dpi/book.png using Guid(d98957d25635e1844914d42e7a142b29) Importer(815301076,1909f56bfc062723c751e8b465ee728b)  -> (artifact id: '9a02e2cb4778d65f32355979a72891c1') in 0.013209 seconds 
========================================================================
Received Import Request.
  Time since last request: 0.000015 seconds.
  path: Assets/Free Game Items/300dpi/scroll.png
  artifactKey: Guid(1211edc30b3a39d428dda9695c953aec) Importer(815301076,1909f56bfc062723c751e8b465ee728b)
Start importing Assets/Free Game Items/300dpi/scroll.png using Guid(1211edc30b3a39d428dda9695c953aec) Importer(815301076,1909f56bfc062723c751e8b465ee728b)  -> (artifact id: '3ff73ad28687cda8adf0d10950b321e4') in 0.011890 seconds 
========================================================================
Received Import Request.
  Time since last request: 0.000018 seconds.
  path: Assets/Free Game Items/300dpi/potion_1.png
  artifactKey: Guid(1d130991a81017b4a9b4046ef0302b0b) Importer(815301076,1909f56bfc062723c751e8b465ee728b)
Start importing Assets/Free Game Items/300dpi/potion_1.png using Guid(1d130991a81017b4a9b4046ef0302b0b) Importer(815301076,1909f56bfc062723c751e8b465ee728b)  -> (artifact id: '208a899a39072e2ea3a9853e4ce9ebf3') in 0.009785 seconds 
========================================================================
Received Import Request.
  Time since last request: 0.000018 seconds.
  path: Assets/Free Game Items/300dpi/gem_2.png
  artifactKey: Guid(9e578035df2fdfc4c814a5678dbbb411) Importer(815301076,1909f56bfc062723c751e8b465ee728b)
Start importing Assets/Free Game Items/300dpi/gem_2.png using Guid(9e578035df2fdfc4c814a5678dbbb411) Importer(815301076,1909f56bfc062723c751e8b465ee728b)  -> (artifact id: 'd3efad246987bfc95fe559b69fb7d018') in 0.010946 seconds 
========================================================================
Received Import Request.
  Time since last request: 0.000016 seconds.
  path: Assets/Free Game Items/300dpi/belt.png
  artifactKey: Guid(183ad819c4751ff4b9fde52018778b0c) Importer(815301076,1909f56bfc062723c751e8b465ee728b)
Start importing Assets/Free Game Items/300dpi/belt.png using Guid(183ad819c4751ff4b9fde52018778b0c) Importer(815301076,1909f56bfc062723c751e8b465ee728b)  -> (artifact id: '6ecfbdb19bd822abb34adb8faefb6038') in 0.011875 seconds 
========================================================================
Received Import Request.
  Time since last request: 0.000014 seconds.
  path: Assets/Free Game Items/300dpi/pills.png
  artifactKey: Guid(06d02d07843f570469ba6d32b0806d13) Importer(815301076,1909f56bfc062723c751e8b465ee728b)
Start importing Assets/Free Game Items/300dpi/pills.png using Guid(06d02d07843f570469ba6d32b0806d13) Importer(815301076,1909f56bfc062723c751e8b465ee728b)  -> (artifact id: 'de21175bff7e991528b7f0ecb606703d') in 0.009862 seconds 
========================================================================
Received Import Request.
  Time since last request: 0.000018 seconds.
  path: Assets/Free Game Items/300dpi/bandage.png
  artifactKey: Guid(720cd1c005f7fe54fbe270433f5424aa) Importer(815301076,1909f56bfc062723c751e8b465ee728b)
Start importing Assets/Free Game Items/300dpi/bandage.png using Guid(720cd1c005f7fe54fbe270433f5424aa) Importer(815301076,1909f56bfc062723c751e8b465ee728b)  -> (artifact id: '54c440e142807522f639e56ac45f8af2') in 0.010079 seconds 
========================================================================
Received Import Request.
  Time since last request: 0.000019 seconds.
  path: Assets/Free Game Items/300dpi/gem_3.png
  artifactKey: Guid(a20ad592324eeca408ef226fc1ad3752) Importer(815301076,1909f56bfc062723c751e8b465ee728b)
Start importing Assets/Free Game Items/300dpi/gem_3.png using Guid(a20ad592324eeca408ef226fc1ad3752) Importer(815301076,1909f56bfc062723c751e8b465ee728b)  -> (artifact id: 'a3c7c6381d2d89080cace6207207edb8') in 0.010607 seconds 
========================================================================
Received Import Request.
  Time since last request: 0.000015 seconds.
  path: Assets/Free Game Items/preview.png
  artifactKey: Guid(f9d96f4e7a15ef24c8c757d3388b9c20) Importer(815301076,1909f56bfc062723c751e8b465ee728b)
Start importing Assets/Free Game Items/preview.png using Guid(f9d96f4e7a15ef24c8c757d3388b9c20) Importer(815301076,1909f56bfc062723c751e8b465ee728b)  -> (artifact id: 'da2b4e42cf603e6b95f400a032b02ef9') in 0.066925 seconds 
========================================================================
Received Import Request.
  Time since last request: 0.000018 seconds.
  path: Assets/Free Game Items/300dpi/gem_4.png
  artifactKey: Guid(3c3a006bd25f76d41a12cd6b35a5d622) Importer(815301076,1909f56bfc062723c751e8b465ee728b)
Start importing Assets/Free Game Items/300dpi/gem_4.png using Guid(3c3a006bd25f76d41a12cd6b35a5d622) Importer(815301076,1909f56bfc062723c751e8b465ee728b)  -> (artifact id: 'a71e80c54e162106d90acf8b41f9fd94') in 0.008990 seconds 
========================================================================
Received Import Request.
  Time since last request: 0.000023 seconds.
  path: Assets/Free Game Items/300dpi/bronze ring.png
  artifactKey: Guid(928b0f07fdd4e374cb94424a91488a53) Importer(815301076,1909f56bfc062723c751e8b465ee728b)
Start importing Assets/Free Game Items/300dpi/bronze ring.png using Guid(928b0f07fdd4e374cb94424a91488a53) Importer(815301076,1909f56bfc062723c751e8b465ee728b)  -> (artifact id: '6adf48a409c2736f882c9313dcca3106') in 0.014523 seconds 
========================================================================
Received Import Request.
  Time since last request: 0.000017 seconds.
  path: Assets/Free Game Items/300dpi/feather.png
  artifactKey: Guid(77077ad6096c0a54d9c99e2ad7128a0b) Importer(815301076,1909f56bfc062723c751e8b465ee728b)
Start importing Assets/Free Game Items/300dpi/feather.png using Guid(77077ad6096c0a54d9c99e2ad7128a0b) Importer(815301076,1909f56bfc062723c751e8b465ee728b)  -> (artifact id: 'fcd5df380b6ed77b77500143607665fc') in 0.011215 seconds 
========================================================================
Received Import Request.
  Time since last request: 0.000022 seconds.
  path: Assets/Free Game Items/300dpi/rope.png
  artifactKey: Guid(83a0213d652a6b749a8403b8e6d421b4) Importer(815301076,1909f56bfc062723c751e8b465ee728b)
Start importing Assets/Free Game Items/300dpi/rope.png using Guid(83a0213d652a6b749a8403b8e6d421b4) Importer(815301076,1909f56bfc062723c751e8b465ee728b)  -> (artifact id: '1a03f785818c03f1fff2c88854580458') in 0.012702 seconds 
========================================================================
Received Import Request.
  Time since last request: 0.000018 seconds.
  path: Assets/Free Game Items/300dpi/chemical_light.png
  artifactKey: Guid(192f6d5ab9157f7449f8266aa47e9618) Importer(815301076,1909f56bfc062723c751e8b465ee728b)
Start importing Assets/Free Game Items/300dpi/chemical_light.png using Guid(192f6d5ab9157f7449f8266aa47e9618) Importer(815301076,1909f56bfc062723c751e8b465ee728b)  -> (artifact id: 'bf7797e7f160ee174e7894bf7324269a') in 0.010829 seconds 
========================================================================
Received Import Request.
  Time since last request: 0.000017 seconds.
  path: Assets/Free Game Items/300dpi/potion_2.png
  artifactKey: Guid(474743fd1d14e0d49adbf83ffa9ce83a) Importer(815301076,1909f56bfc062723c751e8b465ee728b)
Start importing Assets/Free Game Items/300dpi/potion_2.png using Guid(474743fd1d14e0d49adbf83ffa9ce83a) Importer(815301076,1909f56bfc062723c751e8b465ee728b)  -> (artifact id: '0cddac4c01dc870730cbc7fd2c17cff4') in 0.010891 seconds 
========================================================================
Received Import Request.
  Time since last request: 0.000017 seconds.
  path: Assets/Free Game Items/300dpi/bronze_coin.png
  artifactKey: Guid(c29162d11d03499498205196908712a5) Importer(815301076,1909f56bfc062723c751e8b465ee728b)
Start importing Assets/Free Game Items/300dpi/bronze_coin.png using Guid(c29162d11d03499498205196908712a5) Importer(815301076,1909f56bfc062723c751e8b465ee728b)  -> (artifact id: '27692a35ecaa894597fff159af4d2b27') in 0.013506 seconds 
========================================================================
Received Import Request.
  Time since last request: 0.000016 seconds.
  path: Assets/Free Game Items/300dpi/sword.png
  artifactKey: Guid(82e232c4b7118c044b006d312574bb11) Importer(815301076,1909f56bfc062723c751e8b465ee728b)
Start importing Assets/Free Game Items/300dpi/sword.png using Guid(82e232c4b7118c044b006d312574bb11) Importer(815301076,1909f56bfc062723c751e8b465ee728b)  -> (artifact id: 'ad2188cf815ba0207346701c8fab6935') in 0.012994 seconds 
========================================================================
Received Import Request.
  Time since last request: 0.000014 seconds.
  path: Assets/Free Game Items/300dpi/ammo.png
  artifactKey: Guid(9867e2715a85c6345a93f98353a7799d) Importer(815301076,1909f56bfc062723c751e8b465ee728b)
Start importing Assets/Free Game Items/300dpi/ammo.png using Guid(9867e2715a85c6345a93f98353a7799d) Importer(815301076,1909f56bfc062723c751e8b465ee728b)  -> (artifact id: '903038b6dc6d4041f17d15da2487afc9') in 0.010054 seconds 
========================================================================
Received Import Request.
  Time since last request: 1.370903 seconds.
  path: Assets/Free Game Items/96dpi/ammo.png
  artifactKey: Guid(89f23bff12960d44b9e2ff317502a1eb) Importer(815301076,1909f56bfc062723c751e8b465ee728b)
Start importing Assets/Free Game Items/96dpi/ammo.png using Guid(89f23bff12960d44b9e2ff317502a1eb) Importer(815301076,1909f56bfc062723c751e8b465ee728b)  -> (artifact id: '5fcc9e43be7b3e2ae4de6fb52a36c29e') in 0.008387 seconds 
========================================================================
Received Import Request.
  Time since last request: 0.000015 seconds.
  path: Assets/Free Game Items/96dpi/potion_2.png
  artifactKey: Guid(80bd76bfccc703a4db676af435d54055) Importer(815301076,1909f56bfc062723c751e8b465ee728b)
Start importing Assets/Free Game Items/96dpi/potion_2.png using Guid(80bd76bfccc703a4db676af435d54055) Importer(815301076,1909f56bfc062723c751e8b465ee728b)  -> (artifact id: '58e26806bd98d20fe412d38938e1d1db') in 0.007212 seconds 
========================================================================
Received Import Request.
  Time since last request: 0.000015 seconds.
  path: Assets/Free Game Items/96dpi/bomb.png
  artifactKey: Guid(db87746129cc599478e1ae8cecedefd7) Importer(815301076,1909f56bfc062723c751e8b465ee728b)
Start importing Assets/Free Game Items/96dpi/bomb.png using Guid(db87746129cc599478e1ae8cecedefd7) Importer(815301076,1909f56bfc062723c751e8b465ee728b)  -> (artifact id: '906b25c402a1afcaa311f987e577a222') in 0.008251 seconds 
========================================================================
Received Import Request.
  Time since last request: 0.000018 seconds.
  path: Assets/Free Game Items/96dpi/belt.png
  artifactKey: Guid(d86414d0f9dab17468a82adb2de3b623) Importer(815301076,1909f56bfc062723c751e8b465ee728b)
Start importing Assets/Free Game Items/96dpi/belt.png using Guid(d86414d0f9dab17468a82adb2de3b623) Importer(815301076,1909f56bfc062723c751e8b465ee728b)  -> (artifact id: 'babe494f6d886a5f5581f97a60c3963c') in 0.007250 seconds 
========================================================================
Received Import Request.
  Time since last request: 0.000016 seconds.
  path: Assets/Free Game Items/96dpi/gem_3.png
  artifactKey: Guid(9ed20a5564e5d694cbf9322747030227) Importer(815301076,1909f56bfc062723c751e8b465ee728b)
Start importing Assets/Free Game Items/96dpi/gem_3.png using Guid(9ed20a5564e5d694cbf9322747030227) Importer(815301076,1909f56bfc062723c751e8b465ee728b)  -> (artifact id: 'ae60087cb34013837028cf42338128bc') in 0.008111 seconds 
========================================================================
Received Import Request.
  Time since last request: 0.000015 seconds.
  path: Assets/Free Game Items/96dpi/backpack-2.png
  artifactKey: Guid(e9b36b9e47f1f49468dc8b9c2a18927d) Importer(815301076,1909f56bfc062723c751e8b465ee728b)
Start importing Assets/Free Game Items/96dpi/backpack-2.png using Guid(e9b36b9e47f1f49468dc8b9c2a18927d) Importer(815301076,1909f56bfc062723c751e8b465ee728b)  -> (artifact id: '63e043430c5fbda4ce6932733cf83377') in 0.007462 seconds 
========================================================================
Received Import Request.
  Time since last request: 0.000015 seconds.
  path: Assets/Free Game Items/96dpi/ring.png
  artifactKey: Guid(cea4a58609fcc6841b901c428ed158ee) Importer(815301076,1909f56bfc062723c751e8b465ee728b)
Start importing Assets/Free Game Items/96dpi/ring.png using Guid(cea4a58609fcc6841b901c428ed158ee) Importer(815301076,1909f56bfc062723c751e8b465ee728b)  -> (artifact id: 'b822987e048141bfac5652e4c0c9b24b') in 0.008459 seconds 
========================================================================
Received Import Request.
  Time since last request: 0.000024 seconds.
  path: Assets/Free Game Items/96dpi/gem_4.png
  artifactKey: Guid(059e0200b58f439459fd2ce08a794e91) Importer(815301076,1909f56bfc062723c751e8b465ee728b)
Start importing Assets/Free Game Items/96dpi/gem_4.png using Guid(059e0200b58f439459fd2ce08a794e91) Importer(815301076,1909f56bfc062723c751e8b465ee728b)  -> (artifact id: '5c20dc90692ab2f29e123120fe592998') in 0.006459 seconds 
========================================================================
Received Import Request.
  Time since last request: 0.000022 seconds.
  path: Assets/Free Game Items/96dpi/flashlight.png
  artifactKey: Guid(81f594ac68469784784aa5e0c5f111a9) Importer(815301076,1909f56bfc062723c751e8b465ee728b)
Start importing Assets/Free Game Items/96dpi/flashlight.png using Guid(81f594ac68469784784aa5e0c5f111a9) Importer(815301076,1909f56bfc062723c751e8b465ee728b)  -> (artifact id: '10c20d490a50269734a3e1786aa73933') in 0.007500 seconds 
========================================================================
Received Import Request.
  Time since last request: 0.000018 seconds.
  path: Assets/Free Game Items/96dpi/brick.png
  artifactKey: Guid(28a60fe33df63c644be23b260b95b731) Importer(815301076,1909f56bfc062723c751e8b465ee728b)
Start importing Assets/Free Game Items/96dpi/brick.png using Guid(28a60fe33df63c644be23b260b95b731) Importer(815301076,1909f56bfc062723c751e8b465ee728b)  -> (artifact id: '6171b0ca2a3070d591030b833a3bbdd8') in 0.007200 seconds 
========================================================================
Received Import Request.
  Time since last request: 0.000022 seconds.
  path: Assets/Free Game Items/96dpi/sword.png
  artifactKey: Guid(d625705c2b10393418fa45b27c7370b0) Importer(815301076,1909f56bfc062723c751e8b465ee728b)
Start importing Assets/Free Game Items/96dpi/sword.png using Guid(d625705c2b10393418fa45b27c7370b0) Importer(815301076,1909f56bfc062723c751e8b465ee728b)  -> (artifact id: 'f0ed8b05e8da2897e937078a2ad698d0') in 0.008194 seconds 
========================================================================
Received Import Request.
  Time since last request: 0.000013 seconds.
  path: Assets/Free Game Items/96dpi/pill.png
  artifactKey: Guid(0289efeb9feff2947b266fed980218d0) Importer(815301076,1909f56bfc062723c751e8b465ee728b)
Start importing Assets/Free Game Items/96dpi/pill.png using Guid(0289efeb9feff2947b266fed980218d0) Importer(815301076,1909f56bfc062723c751e8b465ee728b)  -> (artifact id: '476f9a52855c95e3d14dc8a1945d37c1') in 0.006382 seconds 
========================================================================
Received Import Request.
  Time since last request: 0.000016 seconds.
  path: Assets/Free Game Items/96dpi/clover.png
  artifactKey: Guid(b791d37cdec063e4abd56e980fc82f77) Importer(815301076,1909f56bfc062723c751e8b465ee728b)
Start importing Assets/Free Game Items/96dpi/clover.png using Guid(b791d37cdec063e4abd56e980fc82f77) Importer(815301076,1909f56bfc062723c751e8b465ee728b)  -> (artifact id: 'fe384834ae3486526b35129965a3db74') in 0.006973 seconds 
========================================================================
Received Import Request.
  Time since last request: 0.000014 seconds.
  path: Assets/Free Game Items/96dpi/hammer.png
  artifactKey: Guid(27bdb876939215f41bd72bd2f5ad21f4) Importer(815301076,1909f56bfc062723c751e8b465ee728b)
Start importing Assets/Free Game Items/96dpi/hammer.png using Guid(27bdb876939215f41bd72bd2f5ad21f4) Importer(815301076,1909f56bfc062723c751e8b465ee728b)  -> (artifact id: 'e4e03bfc2d53a1f7c5a8770bfd7df63d') in 0.008000 seconds 
========================================================================
Received Import Request.
  Time since last request: 0.000013 seconds.
  path: Assets/Free Game Items/96dpi/bronze_coin.png
  artifactKey: Guid(e275e9f15c58d384f9346765f69e49d1) Importer(815301076,1909f56bfc062723c751e8b465ee728b)
Start importing Assets/Free Game Items/96dpi/bronze_coin.png using Guid(e275e9f15c58d384f9346765f69e49d1) Importer(815301076,1909f56bfc062723c751e8b465ee728b)  -> (artifact id: 'e21e941fcea775bcec3d997c1f3b9ddd') in 0.007425 seconds 
========================================================================
Received Import Request.
  Time since last request: 0.419719 seconds.
  path: Assets/Free Game Items/150dpi/backpack-1.png
  artifactKey: Guid(0359593d501c6fe43a5177a20904233a) Importer(815301076,1909f56bfc062723c751e8b465ee728b)
Start importing Assets/Free Game Items/150dpi/backpack-1.png using Guid(0359593d501c6fe43a5177a20904233a) Importer(815301076,1909f56bfc062723c751e8b465ee728b)  -> (artifact id: 'd6c2ff616c676980ef3382f2b8712951') in 0.009447 seconds 
========================================================================
Received Import Request.
  Time since last request: 0.000017 seconds.
  path: Assets/Free Game Items/150dpi/bronze_coin.png
  artifactKey: Guid(cd1bc36084c02974f86d25935060bfff) Importer(815301076,1909f56bfc062723c751e8b465ee728b)
Start importing Assets/Free Game Items/150dpi/bronze_coin.png using Guid(cd1bc36084c02974f86d25935060bfff) Importer(815301076,1909f56bfc062723c751e8b465ee728b)  -> (artifact id: 'e9539e22cc66402a3a3c8c68237c09c2') in 0.008644 seconds 
========================================================================
Received Import Request.
  Time since last request: 0.000015 seconds.
  path: Assets/Free Game Items/150dpi/hammer.png
  artifactKey: Guid(9ee6e7685d63c2746881ef3ccb01be5d) Importer(815301076,1909f56bfc062723c751e8b465ee728b)
Start importing Assets/Free Game Items/150dpi/hammer.png using Guid(9ee6e7685d63c2746881ef3ccb01be5d) Importer(815301076,1909f56bfc062723c751e8b465ee728b)  -> (artifact id: '07d047e5ffaa0d20a47a05a8828e291b') in 0.010651 seconds 
========================================================================
Received Import Request.
  Time since last request: 0.000020 seconds.
  path: Assets/Free Game Items/150dpi/potion_2.png
  artifactKey: Guid(fca6ac5c4c4963b4e9961bad2f9dcc60) Importer(815301076,1909f56bfc062723c751e8b465ee728b)
Start importing Assets/Free Game Items/150dpi/potion_2.png using Guid(fca6ac5c4c4963b4e9961bad2f9dcc60) Importer(815301076,1909f56bfc062723c751e8b465ee728b)  -> (artifact id: 'f2586e51908687237b368c9a97a61521') in 0.007665 seconds 
========================================================================
Received Import Request.
  Time since last request: 0.000012 seconds.
  path: Assets/Free Game Items/150dpi/scroll.png
  artifactKey: Guid(47ee81f5b1b023a4db6f54e6705b9c1d) Importer(815301076,1909f56bfc062723c751e8b465ee728b)
Start importing Assets/Free Game Items/150dpi/scroll.png using Guid(47ee81f5b1b023a4db6f54e6705b9c1d) Importer(815301076,1909f56bfc062723c751e8b465ee728b)  -> (artifact id: '4e9792672d42ce16aee933c6cedc2783') in 0.008735 seconds 
========================================================================
Received Import Request.
  Time since last request: 0.000013 seconds.
  path: Assets/Free Game Items/150dpi/rope.png
  artifactKey: Guid(e0b29b674779a0249959c4204230fca5) Importer(815301076,1909f56bfc062723c751e8b465ee728b)
Start importing Assets/Free Game Items/150dpi/rope.png using Guid(e0b29b674779a0249959c4204230fca5) Importer(815301076,1909f56bfc062723c751e8b465ee728b)  -> (artifact id: 'a274920bf8d711e072fd9ae0f17be07c') in 0.009535 seconds 
========================================================================
Received Import Request.
  Time since last request: 0.000014 seconds.
  path: Assets/Free Game Items/150dpi/gem_4.png
  artifactKey: Guid(23fc6487bbe36c243a399785ba582eef) Importer(815301076,1909f56bfc062723c751e8b465ee728b)
Start importing Assets/Free Game Items/150dpi/gem_4.png using Guid(23fc6487bbe36c243a399785ba582eef) Importer(815301076,1909f56bfc062723c751e8b465ee728b)  -> (artifact id: 'e132cdfee03969fd5a95c5c07a91c6d9') in 0.009220 seconds 
========================================================================
Received Import Request.
  Time since last request: 0.000013 seconds.
  path: Assets/Free Game Items/150dpi/chemical_light.png
  artifactKey: Guid(3c82538c700a5c04aae8cb92bc1c901e) Importer(815301076,1909f56bfc062723c751e8b465ee728b)
Start importing Assets/Free Game Items/150dpi/chemical_light.png using Guid(3c82538c700a5c04aae8cb92bc1c901e) Importer(815301076,1909f56bfc062723c751e8b465ee728b)  -> (artifact id: 'ee5a046ed703f0463927e04394eb5288') in 0.007191 seconds 
========================================================================
Received Import Request.
  Time since last request: 0.000021 seconds.
  path: Assets/Free Game Items/150dpi/potion_1.png
  artifactKey: Guid(628d4a22608347044bc9feb9feb67c4c) Importer(815301076,1909f56bfc062723c751e8b465ee728b)
Start importing Assets/Free Game Items/150dpi/potion_1.png using Guid(628d4a22608347044bc9feb9feb67c4c) Importer(815301076,1909f56bfc062723c751e8b465ee728b)  -> (artifact id: '27b4c755ddbbdfcfff14bd63f960d972') in 0.011690 seconds 
========================================================================
Received Import Request.
  Time since last request: 0.000019 seconds.
  path: Assets/Free Game Items/150dpi/belt.png
  artifactKey: Guid(a3f59a605d0bbbb48b130a7e0e49438e) Importer(815301076,1909f56bfc062723c751e8b465ee728b)
Start importing Assets/Free Game Items/150dpi/belt.png using Guid(a3f59a605d0bbbb48b130a7e0e49438e) Importer(815301076,1909f56bfc062723c751e8b465ee728b)  -> (artifact id: '8dba23778d025bb5dd0ab8b7e51889fd') in 0.010368 seconds 
Editor requested this worker to shutdown with reason: Scaling down because of idle timeout
AssetImportWorker is now disconnected from the server
Process exiting
Exiting without the bug reporter. Application will terminate with return code 0